This file contains any messages produced by compilers while
running configure, to aid debugging if configure makes a mistake.

It was created by configure, which was
generated by GNU Autoconf 2.65.  Invocation command line was

  $ /home/fanfan/Documents/Glade/configure --enable-maintainer-mode

## --------- ##
## Platform. ##
## --------- ##

hostname = fanfan-laptop
uname -m = i686
uname -r = 2.6.32-28-generic
uname -s = Linux
uname -v = #55-Ubuntu SMP Mon Jan 10 21:21:01 UTC 2011

/usr/bin/uname -p = unknown
/bin/uname -X     = unknown

/bin/arch              = unknown
/usr/bin/arch -k       = unknown
/usr/convex/getsysinfo = unknown
/usr/bin/hostinfo      = unknown
/bin/machine           = unknown
/usr/bin/oslevel       = unknown
/bin/universe          = unknown

PATH: /usr/local/sbin
PATH: /usr/local/bin
PATH: /usr/sbin
PATH: /usr/bin
PATH: /sbin
PATH: /bin
PATH: /usr/games


## ----------- ##
## Core tests. ##
## ----------- ##

configure:2169: checking for a BSD-compatible install
configure:2237: result: /usr/bin/install -c
configure:2248: checking whether build environment is sane
configure:2298: result: yes
configure:2439: checking for a thread-safe mkdir -p
configure:2478: result: /bin/mkdir -p
configure:2491: checking for gawk
configure:2507: found /usr/bin/gawk
configure:2518: result: gawk
configure:2529: checking whether make sets $(MAKE)
configure:2551: result: yes
configure:2634: checking whether to enable maintainer-specific portions of Makefiles
configure:2643: result: yes
configure:2669: checking for style of include used by make
configure:2697: result: GNU
configure:2767: checking for gcc
configure:2783: found /usr/bin/gcc
configure:2794: result: gcc
configure:3023: checking for C compiler version
configure:3032: gcc --version >&5
gcc (Ubuntu 4.4.3-4ubuntu5) 4.4.3
Copyright (C) 2009 Free Software Foundation, Inc.
This is free software; see the source for copying conditions.  There is NO
warranty; not even for MERCHANTABILITY or FITNESS FOR A PARTICULAR PURPOSE.

configure:3043: $? = 0
configure:3032: gcc -v >&5
Using built-in specs.
Target: i486-linux-gnu
Configured with: ../src/configure -v --with-pkgversion='Ubuntu 4.4.3-4ubuntu5' --with-bugurl=file:///usr/share/doc/gcc-4.4/README.Bugs --enable-languages=c,c++,fortran,objc,obj-c++ --prefix=/usr --enable-shared --enable-multiarch --enable-linker-build-id --with-system-zlib --libexecdir=/usr/lib --without-included-gettext --enable-threads=posix --with-gxx-include-dir=/usr/include/c++/4.4 --program-suffix=-4.4 --enable-nls --enable-clocale=gnu --enable-libstdcxx-debug --enable-plugin --enable-objc-gc --enable-targets=all --disable-werror --with-arch-32=i486 --with-tune=generic --enable-checking=release --build=i486-linux-gnu --host=i486-linux-gnu --target=i486-linux-gnu
Thread model: posix
gcc version 4.4.3 (Ubuntu 4.4.3-4ubuntu5) 
configure:3043: $? = 0
configure:3032: gcc -V >&5
gcc: '-V' option must have argument
configure:3043: $? = 1
configure:3032: gcc -qversion >&5
gcc: unrecognized option '-qversion'
gcc: no input files
configure:3043: $? = 1
configure:3063: checking whether the C compiler works
configure:3085: gcc    conftest.c  >&5
configure:3089: $? = 0
configure:3138: result: yes
configure:3141: checking for C compiler default output file name
configure:3143: result: a.out
configure:3149: checking for suffix of executables
configure:3156: gcc -o conftest    conftest.c  >&5
configure:3160: $? = 0
configure:3182: result: 
configure:3204: checking whether we are cross compiling
configure:3212: gcc -o conftest    conftest.c  >&5
configure:3216: $? = 0
configure:3223: ./conftest
configure:3227: $? = 0
configure:3242: result: no
configure:3247: checking for suffix of object files
configure:3269: gcc -c   conftest.c >&5
configure:3273: $? = 0
configure:3294: result: o
configure:3298: checking whether we are using the GNU C compiler
configure:3317: gcc -c   conftest.c >&5
configure:3317: $? = 0
configure:3326: result: yes
configure:3335: checking whether gcc accepts -g
configure:3355: gcc -c -g  conftest.c >&5
configure:3355: $? = 0
configure:3396: result: yes
configure:3413: checking for gcc option to accept ISO C89
configure:3477: gcc  -c -g -O2  conftest.c >&5
configure:3477: $? = 0
configure:3490: result: none needed
configure:3512: checking dependency style of gcc
configure:3622: result: gcc3
configure:3638: checking for library containing strerror
configure:3669: gcc -o conftest -g -O2   conftest.c  >&5
configure:3669: $? = 0
configure:3686: result: none required
configure:3742: checking for gcc
configure:3769: result: gcc
configure:3998: checking for C compiler version
configure:4007: gcc --version >&5
gcc (Ubuntu 4.4.3-4ubuntu5) 4.4.3
Copyright (C) 2009 Free Software Foundation, Inc.
This is free software; see the source for copying conditions.  There is NO
warranty; not even for MERCHANTABILITY or FITNESS FOR A PARTICULAR PURPOSE.

configure:4018: $? = 0
configure:4007: gcc -v >&5
Using built-in specs.
Target: i486-linux-gnu
Configured with: ../src/configure -v --with-pkgversion='Ubuntu 4.4.3-4ubuntu5' --with-bugurl=file:///usr/share/doc/gcc-4.4/README.Bugs --enable-languages=c,c++,fortran,objc,obj-c++ --prefix=/usr --enable-shared --enable-multiarch --enable-linker-build-id --with-system-zlib --libexecdir=/usr/lib --without-included-gettext --enable-threads=posix --with-gxx-include-dir=/usr/include/c++/4.4 --program-suffix=-4.4 --enable-nls --enable-clocale=gnu --enable-libstdcxx-debug --enable-plugin --enable-objc-gc --enable-targets=all --disable-werror --with-arch-32=i486 --with-tune=generic --enable-checking=release --build=i486-linux-gnu --host=i486-linux-gnu --target=i486-linux-gnu
Thread model: posix
gcc version 4.4.3 (Ubuntu 4.4.3-4ubuntu5) 
configure:4018: $? = 0
configure:4007: gcc -V >&5
gcc: '-V' option must have argument
configure:4018: $? = 1
configure:4007: gcc -qversion >&5
gcc: unrecognized option '-qversion'
gcc: no input files
configure:4018: $? = 1
configure:4022: checking whether we are using the GNU C compiler
configure:4050: result: yes
configure:4059: checking whether gcc accepts -g
configure:4120: result: yes
configure:4137: checking for gcc option to accept ISO C89
configure:4214: result: none needed
configure:4236: checking dependency style of gcc
configure:4346: result: gcc3
configure:4409: checking for gcc
configure:4436: result: gcc
configure:4665: checking for C compiler version
configure:4674: gcc --version >&5
gcc (Ubuntu 4.4.3-4ubuntu5) 4.4.3
Copyright (C) 2009 Free Software Foundation, Inc.
This is free software; see the source for copying conditions.  There is NO
warranty; not even for MERCHANTABILITY or FITNESS FOR A PARTICULAR PURPOSE.

configure:4685: $? = 0
configure:4674: gcc -v >&5
Using built-in specs.
Target: i486-linux-gnu
Configured with: ../src/configure -v --with-pkgversion='Ubuntu 4.4.3-4ubuntu5' --with-bugurl=file:///usr/share/doc/gcc-4.4/README.Bugs --enable-languages=c,c++,fortran,objc,obj-c++ --prefix=/usr --enable-shared --enable-multiarch --enable-linker-build-id --with-system-zlib --libexecdir=/usr/lib --without-included-gettext --enable-threads=posix --with-gxx-include-dir=/usr/include/c++/4.4 --program-suffix=-4.4 --enable-nls --enable-clocale=gnu --enable-libstdcxx-debug --enable-plugin --enable-objc-gc --enable-targets=all --disable-werror --with-arch-32=i486 --with-tune=generic --enable-checking=release --build=i486-linux-gnu --host=i486-linux-gnu --target=i486-linux-gnu
Thread model: posix
gcc version 4.4.3 (Ubuntu 4.4.3-4ubuntu5) 
configure:4685: $? = 0
configure:4674: gcc -V >&5
gcc: '-V' option must have argument
configure:4685: $? = 1
configure:4674: gcc -qversion >&5
gcc: unrecognized option '-qversion'
gcc: no input files
configure:4685: $? = 1
configure:4689: checking whether we are using the GNU C compiler
configure:4717: result: yes
configure:4726: checking whether gcc accepts -g
configure:4787: result: yes
configure:4804: checking for gcc option to accept ISO C89
configure:4881: result: none needed
configure:4903: checking dependency style of gcc
configure:5013: result: gcc3
configure:5036: checking how to run the C preprocessor
configure:5067: gcc -E  conftest.c
configure:5067: $? = 0
configure:5081: gcc -E  conftest.c
conftest.c:11:28: error: ac_nonexistent.h: No such file or directory
configure:5081: $? = 1
configure: failed program was:
| /* confdefs.h */
| #define PACKAGE_NAME ""
| #define PACKAGE_TARNAME ""
| #define PACKAGE_VERSION ""
| #define PACKAGE_STRING ""
| #define PACKAGE_BUGREPORT ""
| #define PACKAGE_URL ""
| #define PACKAGE "eve"
| #define VERSION "0.1"
| /* end confdefs.h.  */
| #include <ac_nonexistent.h>
configure:5106: result: gcc -E
configure:5126: gcc -E  conftest.c
configure:5126: $? = 0
configure:5140: gcc -E  conftest.c
conftest.c:11:28: error: ac_nonexistent.h: No such file or directory
configure:5140: $? = 1
configure: failed program was:
| /* confdefs.h */
| #define PACKAGE_NAME ""
| #define PACKAGE_TARNAME ""
| #define PACKAGE_VERSION ""
| #define PACKAGE_STRING ""
| #define PACKAGE_BUGREPORT ""
| #define PACKAGE_URL ""
| #define PACKAGE "eve"
| #define VERSION "0.1"
| /* end confdefs.h.  */
| #include <ac_nonexistent.h>
configure:5169: checking for grep that handles long lines and -e
configure:5227: result: /bin/grep
configure:5232: checking for egrep
configure:5294: result: /bin/grep -E
configure:5299: checking for ANSI C header files
configure:5319: gcc -c -g -O2  conftest.c >&5
configure:5319: $? = 0
configure:5392: gcc -o conftest -g -O2   conftest.c  >&5
configure:5392: $? = 0
configure:5392: ./conftest
configure:5392: $? = 0
configure:5403: result: yes
configure:5462: checking for pkg-config
configure:5480: found /usr/bin/pkg-config
configure:5492: result: /usr/bin/pkg-config
configure:5517: checking pkg-config is at least version 0.9.0
configure:5520: result: yes
configure:5531: checking for PACKAGE
configure:5539: $PKG_CONFIG --exists --print-errors "$pkg_modules"
configure:5542: $? = 0
configure:5557: $PKG_CONFIG --exists --print-errors "$pkg_modules"
configure:5560: $? = 0
configure:5615: result: yes
configure:5636: checking for sys/types.h
configure:5636: gcc -c -g -O2  conftest.c >&5
configure:5636: $? = 0
configure:5636: result: yes
configure:5636: checking for sys/stat.h
configure:5636: gcc -c -g -O2  conftest.c >&5
configure:5636: $? = 0
configure:5636: result: yes
configure:5636: checking for stdlib.h
configure:5636: gcc -c -g -O2  conftest.c >&5
configure:5636: $? = 0
configure:5636: result: yes
configure:5636: checking for string.h
configure:5636: gcc -c -g -O2  conftest.c >&5
configure:5636: $? = 0
configure:5636: result: yes
configure:5636: checking for memory.h
configure:5636: gcc -c -g -O2  conftest.c >&5
configure:5636: $? = 0
configure:5636: result: yes
configure:5636: checking for strings.h
configure:5636: gcc -c -g -O2  conftest.c >&5
configure:5636: $? = 0
configure:5636: result: yes
configure:5636: checking for inttypes.h
configure:5636: gcc -c -g -O2  conftest.c >&5
configure:5636: $? = 0
configure:5636: result: yes
configure:5636: checking for stdint.h
configure:5636: gcc -c -g -O2  conftest.c >&5
configure:5636: $? = 0
configure:5636: result: yes
configure:5636: checking for unistd.h
configure:5636: gcc -c -g -O2  conftest.c >&5
configure:5636: $? = 0
configure:5636: result: yes
configure:5652: checking locale.h usability
configure:5652: gcc -c -g -O2  conftest.c >&5
configure:5652: $? = 0
configure:5652: result: yes
configure:5652: checking locale.h presence
configure:5652: gcc -E  conftest.c
configure:5652: $? = 0
configure:5652: result: yes
configure:5652: checking for locale.h
configure:5652: result: yes
configure:5663: checking for LC_MESSAGES
configure:5679: gcc -o conftest -g -O2   conftest.c  >&5
configure:5679: $? = 0
configure:5687: result: yes
configure:5704: checking libintl.h usability
configure:5704: gcc -c -g -O2  conftest.c >&5
configure:5704: $? = 0
configure:5704: result: yes
configure:5704: checking libintl.h presence
configure:5704: gcc -E  conftest.c
configure:5704: $? = 0
configure:5704: result: yes
configure:5704: checking for libintl.h
configure:5704: result: yes
configure:5712: checking for ngettext in libc
configure:5730: gcc -o conftest -g -O2   conftest.c  >&5
configure:5730: $? = 0
configure:5739: result: yes
configure:5743: checking for dgettext in libc
configure:5761: gcc -o conftest -g -O2   conftest.c  >&5
configure:5761: $? = 0
configure:5770: result: yes
configure:5777: checking for bind_textdomain_codeset
configure:5777: gcc -o conftest -g -O2   conftest.c  >&5
configure:5777: $? = 0
configure:5777: result: yes
configure:6053: checking for msgfmt
configure:6080: result: /usr/bin/msgfmt
configure:6091: checking for dcgettext
configure:6091: gcc -o conftest -g -O2   conftest.c   >&5
conftest.c:49: warning: conflicting types for built-in function 'dcgettext'
configure:6091: $? = 0
configure:6091: result: yes
configure:6101: checking if msgfmt accepts -c
configure:6116: $MSGFMT -c -o /dev/null conftest.foo
configure:6119: $? = 0
configure:6121: result: yes
configure:6131: checking for gmsgfmt
configure:6162: result: /usr/bin/msgfmt
configure:6172: checking for xgettext
configure:6199: result: /usr/bin/xgettext
configure:6218: gcc -o conftest -g -O2   conftest.c   >&5
configure:6218: $? = 0
configure:6486: creating ./config.status

## ---------------------- ##
## Running config.status. ##
## ---------------------- ##

This file was extended by config.status, which was
generated by GNU Autoconf 2.65.  Invocation command line was

  CONFIG_FILES    = 
  CONFIG_HEADERS  = 
  CONFIG_LINKS    = 
  CONFIG_COMMANDS = 
  $ ./config.status 

on fanfan-laptop

config.status:887: creating Makefile
config.status:887: creating src/Makefile
config.status:887: creating po/Makefile.in
config.status:887: creating config.h
config.status:1059: config.h is unchanged
config.status:1107: executing depfiles commands
config.status:1107: executing default-1 commands

## ---------------- ##
## Cache variables. ##
## ---------------- ##

ac_cv_c_compiler_gnu=yes
ac_cv_env_CC_set=
ac_cv_env_CC_value=
ac_cv_env_CFLAGS_set=
ac_cv_env_CFLAGS_value=
ac_cv_env_CPPFLAGS_set=
ac_cv_env_CPPFLAGS_value=
ac_cv_env_CPP_set=
ac_cv_env_CPP_value=
ac_cv_env_LDFLAGS_set=
ac_cv_env_LDFLAGS_value=
ac_cv_env_LIBS_set=
ac_cv_env_LIBS_value=
ac_cv_env_PACKAGE_CFLAGS_set=
ac_cv_env_PACKAGE_CFLAGS_value=
ac_cv_env_PACKAGE_LIBS_set=
ac_cv_env_PACKAGE_LIBS_value=
ac_cv_env_PKG_CONFIG_set=
ac_cv_env_PKG_CONFIG_value=
ac_cv_env_build_alias_set=
ac_cv_env_build_alias_value=
ac_cv_env_host_alias_set=
ac_cv_env_host_alias_value=
ac_cv_env_target_alias_set=
ac_cv_env_target_alias_value=
ac_cv_func_bind_textdomain_codeset=yes
ac_cv_func_dcgettext=yes
ac_cv_header_inttypes_h=yes
ac_cv_header_libintl_h=yes
ac_cv_header_locale_h=yes
ac_cv_header_memory_h=yes
ac_cv_header_stdc=yes
ac_cv_header_stdint_h=yes
ac_cv_header_stdlib_h=yes
ac_cv_header_string_h=yes
ac_cv_header_strings_h=yes
ac_cv_header_sys_stat_h=yes
ac_cv_header_sys_types_h=yes
ac_cv_header_unistd_h=yes
ac_cv_objext=o
ac_cv_path_EGREP='/bin/grep -E'
ac_cv_path_GMSGFMT=/usr/bin/msgfmt
ac_cv_path_GREP=/bin/grep
ac_cv_path_MSGFMT=/usr/bin/msgfmt
ac_cv_path_XGETTEXT=/usr/bin/xgettext
ac_cv_path_ac_pt_PKG_CONFIG=/usr/bin/pkg-config
ac_cv_path_install='/usr/bin/install -c'
ac_cv_path_mkdir=/bin/mkdir
ac_cv_prog_AWK=gawk
ac_cv_prog_CPP='gcc -E'
ac_cv_prog_ac_ct_CC=gcc
ac_cv_prog_cc_c89=
ac_cv_prog_cc_g=yes
ac_cv_prog_make_make_set=yes
ac_cv_search_strerror='none required'
am_cv_CC_dependencies_compiler_type=gcc3
am_cv_prog_cc_stdc=
am_cv_val_LC_MESSAGES=yes
gt_cv_func_dgettext_libc=yes
gt_cv_func_dgettext_libintl=no
gt_cv_func_ngettext_libc=yes
gt_cv_have_gettext=yes
pkg_cv_PACKAGE_CFLAGS='-pthread -D_REENTRANT -I/usr/include/gtk-2.0 -I/usr/lib/gtk-2.0/include -I/usr/include/atk-1.0 -I/usr/include/cairo -I/usr/include/pango-1.0 -I/usr/include/gio-unix-2.0/ -I/usr/include/glib-2.0 -I/usr/lib/glib-2.0/include -I/usr/include/pixman-1 -I/usr/include/freetype2 -I/usr/include/directfb -I/usr/include/libpng12  '
pkg_cv_PACKAGE_LIBS='-pthread -lgtk-x11-2.0 -lgdk-x11-2.0 -latk-1.0 -lgio-2.0 -lpangoft2-1.0 -lgdk_pixbuf-2.0 -lm -lpangocairo-1.0 -lcairo -lpango-1.0 -lfreetype -lfontconfig -lgobject-2.0 -lgmodule-2.0 -lgthread-2.0 -lrt -lglib-2.0  '

## ----------------- ##
## Output variables. ##
## ----------------- ##

ACLOCAL='${SHELL} /home/fanfan/Documents/Glade/missing --run aclocal-1.11'
AMDEPBACKSLASH='\'
AMDEP_FALSE='#'
AMDEP_TRUE=''
AMTAR='${SHELL} /home/fanfan/Documents/Glade/missing --run tar'
AUTOCONF='${SHELL} /home/fanfan/Documents/Glade/missing --run autoconf'
AUTOHEADER='${SHELL} /home/fanfan/Documents/Glade/missing --run autoheader'
AUTOMAKE='${SHELL} /home/fanfan/Documents/Glade/missing --run automake-1.11'
AWK='gawk'
CATALOGS=''
CATOBJEXT='.gmo'
CC='gcc'
CCDEPMODE='depmode=gcc3'
CFLAGS='-g -O2'
CPP='gcc -E'
CPPFLAGS=''
CYGPATH_W='echo'
DATADIRNAME='share'
DEFS='-DHAVE_CONFIG_H'
DEPDIR='.deps'
ECHO_C=''
ECHO_N='-n'
ECHO_T=''
EGREP='/bin/grep -E'
EXEEXT=''
GETTEXT_PACKAGE='eve'
GMOFILES=''
GMSGFMT='/usr/bin/msgfmt'
GREP='/bin/grep'
INSTALL_DATA='${INSTALL} -m 644'
INSTALL_PROGRAM='${INSTALL}'
INSTALL_SCRIPT='${INSTALL}'
INSTALL_STRIP_PROGRAM='$(install_sh) -c -s'
INSTOBJEXT='.mo'
INTLLIBS=''
LDFLAGS=''
LIBOBJS=''
LIBS=''
LTLIBOBJS=''
MAINT=''
MAINTAINER_MODE_FALSE='#'
MAINTAINER_MODE_TRUE=''
MAKEINFO='${SHELL} /home/fanfan/Documents/Glade/missing --run makeinfo'
MKDIR_P='/bin/mkdir -p'
MKINSTALLDIRS='./mkinstalldirs'
MSGFMT='/usr/bin/msgfmt'
MSGFMT_OPTS='-c'
OBJEXT='o'
PACKAGE='eve'
PACKAGE_BUGREPORT=''
PACKAGE_CFLAGS='-pthread -D_REENTRANT -I/usr/include/gtk-2.0 -I/usr/lib/gtk-2.0/include -I/usr/include/atk-1.0 -I/usr/include/cairo -I/usr/include/pango-1.0 -I/usr/include/gio-unix-2.0/ -I/usr/include/glib-2.0 -I/usr/lib/glib-2.0/include -I/usr/include/pixman-1 -I/usr/include/freetype2 -I/usr/include/directfb -I/usr/include/libpng12  '
PACKAGE_LIBS='-pthread -lgtk-x11-2.0 -lgdk-x11-2.0 -latk-1.0 -lgio-2.0 -lpangoft2-1.0 -lgdk_pixbuf-2.0 -lm -lpangocairo-1.0 -lcairo -lpango-1.0 -lfreetype -lfontconfig -lgobject-2.0 -lgmodule-2.0 -lgthread-2.0 -lrt -lglib-2.0  '
PACKAGE_NAME=''
PACKAGE_STRING=''
PACKAGE_TARNAME=''
PACKAGE_URL=''
PACKAGE_VERSION=''
PATH_SEPARATOR=':'
PKG_CONFIG='/usr/bin/pkg-config'
POFILES=''
POSUB='po'
PO_IN_DATADIR_FALSE=''
PO_IN_DATADIR_TRUE=''
SET_MAKE=''
SHELL='/bin/bash'
STRIP=''
USE_NLS='yes'
VERSION='0.1'
XGETTEXT='/usr/bin/xgettext'
ac_ct_CC='gcc'
am__EXEEXT_FALSE=''
am__EXEEXT_TRUE='#'
am__fastdepCC_FALSE='#'
am__fastdepCC_TRUE=''
am__include='include'
am__isrc=''
am__leading_dot='.'
am__quote=''
am__tar='${AMTAR} chof - "$$tardir"'
am__untar='${AMTAR} xf -'
bindir='${exec_prefix}/bin'
build_alias=''
datadir='${datarootdir}'
datarootdir='${prefix}/share'
docdir='${datarootdir}/doc/${PACKAGE}'
dvidir='${docdir}'
exec_prefix='${prefix}'
host_alias=''
htmldir='${docdir}'
includedir='${prefix}/include'
infodir='${datarootdir}/info'
install_sh='${SHELL} /home/fanfan/Documents/Glade/install-sh'
libdir='${exec_prefix}/lib'
libexecdir='${exec_prefix}/libexec'
localedir='${datarootdir}/locale'
localstatedir='${prefix}/var'
mandir='${datarootdir}/man'
mkdir_p='/bin/mkdir -p'
oldincludedir='/usr/include'
pdfdir='${docdir}'
prefix='/usr/local'
program_transform_name='s,x,x,'
psdir='${docdir}'
sbindir='${exec_prefix}/sbin'
sharedstatedir='${prefix}/com'
sysconfdir='${prefix}/etc'
target_alias=''

## ----------- ##
## confdefs.h. ##
## ----------- ##

/* confdefs.h */
#define PACKAGE_NAME ""
#define PACKAGE_TARNAME ""
#define PACKAGE_VERSION ""
#define PACKAGE_STRING ""
#define PACKAGE_BUGREPORT ""
#define PACKAGE_URL ""
#define PACKAGE "eve"
#define VERSION "0.1"
#define STDC_HEADERS 1
#define GETTEXT_PACKAGE "eve"
#define HAVE_SYS_TYPES_H 1
#define HAVE_SYS_STAT_H 1
#define HAVE_STDLIB_H 1
#define HAVE_STRING_H 1
#define HAVE_MEMORY_H 1
#define HAVE_STRINGS_H 1
#define HAVE_INTTYPES_H 1
#define HAVE_STDINT_H 1
#define HAVE_UNISTD_H 1
#define HAVE_LOCALE_H 1
#define HAVE_LC_MESSAGES 1
#define HAVE_BIND_TEXTDOMAIN_CODESET 1
#define HAVE_GETTEXT 1
#define HAVE_DCGETTEXT 1
#define ENABLE_NLS 1

configure: exit 0
